<?xml version="1.0" encoding="UTF-8"?>
<coverage generated="1661314767237" clover="3.2.0">
  <project timestamp="1661314767238" name="All files">
    <metrics statements="6" coveredstatements="6" conditionals="2" coveredconditionals="2" methods="2" coveredmethods="2" elements="10" coveredelements="10" complexity="0" loc="6" ncloc="6" packages="1" files="2" classes="2"/>
    <file name="helpers.ts" path="C:\Users\WY\Desktop\vue3full\src\utils\helpers.ts">
      <metrics statements="4" coveredstatements="4" conditionals="2" coveredconditionals="2" methods="1" coveredmethods="1"/>
      <line num="1" count="1" type="cond" truecount="1" falsecount="0"/>
      <line num="2" count="4" type="cond" truecount="1" falsecount="0"/>
      <line num="3" count="1" type="stmt"/>
      <line num="5" count="3" type="stmt"/>
    </file>
    <file name="sum.ts" path="C:\Users\WY\Desktop\vue3full\src\utils\sum.ts">
      <metrics statements="2" coveredstatements="2" conditionals="0" coveredconditionals="0" methods="1" coveredmethods="1"/>
      <line num="1" count="1" type="stmt"/>
      <line num="2" count="1" type="stmt"/>
    </file>
  </project>
</coverage>
